<?xml version="1.0" encoding="UTF-8"?>
<!-- Generated by org.testng.reporters.JUnitXMLReporter -->
<testsuite ignored="9" hostname="DESKTOP-4S4A4UH" failures="0" tests="1" name="GroupTest1" time="0.601" errors="0" timestamp="2024-03-05T07:16:10 IST">
  <testcase classname="testNGBasics.GroupingTest" name="test05" time="0.06"/>
  <testcase classname="testNGBasics.GroupingTest" name="test02" time="0.0">
    <ignored/>
  </testcase> <!-- test02 -->
  <testcase classname="testNGBasics.BasictestNGCommand" name="test01" time="0.0">
    <ignored/>
  </testcase> <!-- test01 -->
  <testcase classname="testNGBasics.GroupingTest" name="test01" time="0.0">
    <ignored/>
  </testcase> <!-- test01 -->
  <testcase classname="testNGBasics.BasictestNGCommand" name="test05" time="0.0">
    <ignored/>
  </testcase> <!-- test05 -->
  <testcase classname="testNGBasics.BasictestNGCommand" name="test04" time="0.0">
    <ignored/>
  </testcase> <!-- test04 -->
  <testcase classname="testNGBasics.GroupingTest" name="test04" time="0.0">
    <ignored/>
  </testcase> <!-- test04 -->
  <testcase classname="testNGBasics.BasictestNGCommand" name="test03" time="0.0">
    <ignored/>
  </testcase> <!-- test03 -->
  <testcase classname="testNGBasics.GroupingTest" name="test03" time="0.0">
    <ignored/>
  </testcase> <!-- test03 -->
  <testcase classname="testNGBasics.BasictestNGCommand" name="test02" time="0.0">
    <ignored/>
  </testcase> <!-- test02 -->
</testsuite> <!-- GroupTest1 -->
