<?xml version="1.0" encoding="UTF-8"?>
<!-- Generated by org.testng.reporters.JUnitXMLReporter -->
<testsuite ignored="3" hostname="DESKTOP-4S4A4UH" failures="0" tests="7" name="GroupTest" time="0.426" errors="0" timestamp="2024-03-05T07:05:16 IST">
  <testcase classname="testNGBasics.GroupingTest" name="test02" time="0.044"/>
  <testcase classname="testNGBasics.GroupingTest" name="test04" time="0.011"/>
  <testcase classname="testNGBasics.GroupingTest" name="test05" time="0.017"/>
  <testcase classname="testNGBasics.BasictestNGCommand" name="test04" time="0.008"/>
  <testcase classname="testNGBasics.BasictestNGCommand" name="test05" time="0.011"/>
  <testcase classname="testNGBasics.BasictestNGCommand" name="test02" time="0.008"/>
  <testcase classname="testNGBasics.BasictestNGCommand" name="test03" time="0.014"/>
  <testcase classname="testNGBasics.GroupingTest" name="test03" time="0.0">
    <ignored/>
  </testcase> <!-- test03 -->
  <testcase classname="testNGBasics.BasictestNGCommand" name="test01" time="0.0">
    <ignored/>
  </testcase> <!-- test01 -->
  <testcase classname="testNGBasics.GroupingTest" name="test01" time="0.0">
    <ignored/>
  </testcase> <!-- test01 -->
</testsuite> <!-- GroupTest -->
