<?xml version="1.0" encoding="UTF-8"?>
<testng-results ignored="0" total="9" passed="9" failed="0" skipped="0">
  <reporter-output>
  </reporter-output>
  <suite started-at="2024-03-06T07:12:14 IST" name="Default suite" finished-at="2024-03-06T07:12:15 IST" duration-ms="758">
    <groups>
    </groups>
    <test started-at="2024-03-06T07:12:14 IST" name="Default test" finished-at="2024-03-06T07:12:15 IST" duration-ms="758">
      <class name="testNGBasics.DataProviderTest">
        <test-method signature="testcase01(int,int)[pri:0, instance:testNGBasics.DataProviderTest@223191a6]" started-at="2024-03-06T07:12:15 IST" name="testcase01" data-provider="data-provider" finished-at="2024-03-06T07:12:15 IST" duration-ms="20" status="PASS">
          <params>
            <param index="0">
              <value>
                <![CDATA[2]]>
              </value>
            </param>
            <param index="1">
              <value>
                <![CDATA[3]]>
              </value>
            </param>
          </params>
          <reporter-output>
          </reporter-output>
        </test-method> <!-- testcase01 -->
        <test-method signature="testcase01(int,int)[pri:0, instance:testNGBasics.DataProviderTest@223191a6]" started-at="2024-03-06T07:12:15 IST" name="testcase01" data-provider="data-provider" finished-at="2024-03-06T07:12:15 IST" duration-ms="17" status="PASS">
          <params>
            <param index="0">
              <value>
                <![CDATA[5]]>
              </value>
            </param>
            <param index="1">
              <value>
                <![CDATA[7]]>
              </value>
            </param>
          </params>
          <reporter-output>
          </reporter-output>
        </test-method> <!-- testcase01 -->
        <test-method signature="testcase01(int,int)[pri:0, instance:testNGBasics.DataProviderTest@223191a6]" started-at="2024-03-06T07:12:15 IST" name="testcase01" data-provider="data-provider" finished-at="2024-03-06T07:12:15 IST" duration-ms="18" status="PASS">
          <params>
            <param index="0">
              <value>
                <![CDATA[8]]>
              </value>
            </param>
            <param index="1">
              <value>
                <![CDATA[7]]>
              </value>
            </param>
          </params>
          <reporter-output>
          </reporter-output>
        </test-method> <!-- testcase01 -->
        <test-method signature="testcase02(java.lang.String,int)[pri:0, instance:testNGBasics.DataProviderTest@223191a6]" started-at="2024-03-06T07:12:15 IST" name="testcase02" data-provider="data-providerstring" finished-at="2024-03-06T07:12:15 IST" duration-ms="4" status="PASS">
          <params>
            <param index="0">
              <value>
                <![CDATA[Rose]]>
              </value>
            </param>
            <param index="1">
              <value>
                <![CDATA[3]]>
              </value>
            </param>
          </params>
          <reporter-output>
          </reporter-output>
        </test-method> <!-- testcase02 -->
        <test-method signature="testcase02(java.lang.String,int)[pri:0, instance:testNGBasics.DataProviderTest@223191a6]" started-at="2024-03-06T07:12:15 IST" name="testcase02" data-provider="data-providerstring" finished-at="2024-03-06T07:12:15 IST" duration-ms="12" status="PASS">
          <params>
            <param index="0">
              <value>
                <![CDATA[abc]]>
              </value>
            </param>
            <param index="1">
              <value>
                <![CDATA[4]]>
              </value>
            </param>
          </params>
          <reporter-output>
          </reporter-output>
        </test-method> <!-- testcase02 -->
        <test-method signature="testcase02(java.lang.String,int)[pri:0, instance:testNGBasics.DataProviderTest@223191a6]" started-at="2024-03-06T07:12:15 IST" name="testcase02" data-provider="data-providerstring" finished-at="2024-03-06T07:12:15 IST" duration-ms="18" status="PASS">
          <params>
            <param index="0">
              <value>
                <![CDATA[bcd]]>
              </value>
            </param>
            <param index="1">
              <value>
                <![CDATA[14]]>
              </value>
            </param>
          </params>
          <reporter-output>
          </reporter-output>
        </test-method> <!-- testcase02 -->
        <test-method signature="testcase02(java.lang.String,java.lang.String)[pri:0, instance:testNGBasics.DataProviderTest@223191a6]" started-at="2024-03-06T07:12:15 IST" name="testcase02" data-provider="data-provider-anotherclass" finished-at="2024-03-06T07:12:15 IST" duration-ms="28" status="PASS">
          <params>
            <param index="0">
              <value>
                <![CDATA[Rose]]>
              </value>
            </param>
            <param index="1">
              <value>
                <![CDATA[Mary]]>
              </value>
            </param>
          </params>
          <reporter-output>
          </reporter-output>
        </test-method> <!-- testcase02 -->
        <test-method signature="testcase02(java.lang.String,java.lang.String)[pri:0, instance:testNGBasics.DataProviderTest@223191a6]" started-at="2024-03-06T07:12:15 IST" name="testcase02" data-provider="data-provider-anotherclass" finished-at="2024-03-06T07:12:15 IST" duration-ms="3" status="PASS">
          <params>
            <param index="0">
              <value>
                <![CDATA[abc]]>
              </value>
            </param>
            <param index="1">
              <value>
                <![CDATA[James]]>
              </value>
            </param>
          </params>
          <reporter-output>
          </reporter-output>
        </test-method> <!-- testcase02 -->
        <test-method signature="testcase02(java.lang.String,java.lang.String)[pri:0, instance:testNGBasics.DataProviderTest@223191a6]" started-at="2024-03-06T07:12:15 IST" name="testcase02" data-provider="data-provider-anotherclass" finished-at="2024-03-06T07:12:15 IST" duration-ms="12" status="PASS">
          <params>
            <param index="0">
              <value>
                <![CDATA[bcd]]>
              </value>
            </param>
            <param index="1">
              <value>
                <![CDATA[Love]]>
              </value>
            </param>
          </params>
          <reporter-output>
          </reporter-output>
        </test-method> <!-- testcase02 -->
      </class> <!-- testNGBasics.DataProviderTest -->
    </test> <!-- Default test -->
  </suite> <!-- Default suite -->
</testng-results>
